<?xml version="1.0" encoding="UTF-8"?>
<!-- Generated by org.testng.reporters.JUnitReportReporter -->
<testsuite hostname="DESKTOP-4MKSC1R" failures="0" tests="1" name="Framework.Testng.Class4" time="0.006" errors="0" timestamp="2025-03-09T12:49:16 PKT" skipped="0">
  <testcase classname="Framework.Testng.Class4" name="Test7" time="0.006"/>
  <system-out/>
</testsuite> <!-- Framework.Testng.Class4 -->
