<?xml version="1.0" encoding="UTF-8"?>
<!-- Generated by org.testng.reporters.JUnitReportReporter -->
<testsuite hostname="DESKTOP-4MKSC1R" failures="0" tests="1" name="Framework.Testng.Class3" time="0.020" errors="0" timestamp="2025-03-09T13:48:41 PKT" skipped="0">
  <testcase classname="Framework.Testng.Class3" name="Test6" time="0.020"/>
  <system-out/>
</testsuite> <!-- Framework.Testng.Class3 -->
