<?xml version="1.0" encoding="UTF-8"?>
<!-- Generated by org.testng.reporters.JUnitReportReporter -->
<testsuite hostname="DESKTOP-4MKSC1R" failures="0" tests="2" name="Framework.Testng.Class1" time="0.069" errors="0" timestamp="2025-03-09T13:48:41 PKT" skipped="0">
  <testcase classname="Framework.Testng.Class1" name="Test1" time="0.038"/>
  <system-out/>
  <testcase classname="Framework.Testng.Class1" name="Test2" time="0.031"/>
  <system-out/>
</testsuite> <!-- Framework.Testng.Class1 -->
