<?xml version="1.0" encoding="UTF-8"?>
<!-- Generated by org.testng.reporters.JUnitReportReporter -->
<testsuite hostname="DESKTOP-4MKSC1R" failures="0" tests="2" name="Framework.Testng.Class1" time="0.050" errors="0" timestamp="2025-03-16T15:44:20 PKT" skipped="0">
  <testcase classname="Framework.Testng.Class1" name="Testng2" time="0.015"/>
  <system-out/>
  <testcase classname="Framework.Testng.Class1" name="Testng1" time="0.035"/>
  <system-out/>
</testsuite> <!-- Framework.Testng.Class1 -->
